[LOG] System::create                           : Header version = 2.01.07. Current version = 2.01.07.
[LOG] Manager::init                            : maxchannels = 256 studioflags = 00000006 flags 00000000 extradriverdata 0000000000000000.
[LOG] SystemI::init                            : Initialize version=20107 (113487), maxchannels=256, flags=0x00020000
[LOG] SystemI::setOutputInternal               : Setting output to 'FMOD WASAPI Output'
[LOG] OutputWASAPI::init                       : Mix Format (WAVEFORMATEX): wFormatTag=0xFFFE, nChannels=2, nSamplesPerSec=48000, nAvgBytesPerSec=384000, nBlockAlign=8, wBitsPerSample=32, cbSize=22.
[LOG] OutputWASAPI::init                       : Mix Format (WAVEFORMATEXTENSIBLE): wValidBitsPerSample=32, dwChannelMask=0x00000003, SubFormat=00000003-0000-0010-8000-00AA00389B71.
[LOG] OutputWASAPI::init                       : Output buffer size: 4096 samples, latency: 0.00ms, period: 10.00ms, DSP buffer: 1024 * 4
[LOG] Thread::initThread                       : Init FMOD stream thread. Affinity: 0x8000000000000003, Priority: 0xFFFF7FFB, Stack Size: 98304, Semaphore: No, Sleep Time: 10, Looping: Yes.
[LOG] Thread::initThread                       : Init FMOD mixer thread. Affinity: 0x8000000000000001, Priority: 0xFFFF7FFA, Stack Size: 81920, Semaphore: No, Sleep Time: 0, Looping: Yes.
[LOG] AsyncManager::init                       : manager 0000029CCC0BE6C8 isAsync 0 updatePeriod 0.02
[LOG] AsyncManager::init                       : done
[LOG] PlaybackSystem::init                     : 
[LOG] Thread::initThread                       : Init FMOD Studio sample load thread. Affinity: 0x8000000000000003, Priority: 0xFFFF7FFD, Stack Size: 98304, Semaphore: No, Sleep Time: 1, Looping: No.
[LOG] PlaybackSystem::init                     : done
[LOG] Thread::initThread                       : Init FMOD Studio bank load thread. Affinity: 0x8000000000000003, Priority: 0xFFFF7FFD, Stack Size: 98304, Semaphore: No, Sleep Time: 1, Looping: No.
[LOG] Manager::init                            : done.
[LOG] Manager::readBank                        : fileversion = 135, compatVersion = 132 (oldest = 44, newest = 135)
[LOG] Manager::readBank                        : fileversion = 135, compatVersion = 132 (oldest = 44, newest = 135)
[LOG] Manager::readBank                        : fileversion = 135, compatVersion = 132 (oldest = 44, newest = 135)
[LOG] Manager::readBank                        : fileversion = 135, compatVersion = 132 (oldest = 44, newest = 135)
[LOG] Manager::readBank                        : fileversion = 135, compatVersion = 132 (oldest = 44, newest = 135)
[LOG] Manager::readBank                        : fileversion = 135, compatVersion = 132 (oldest = 44, newest = 135)
[LOG] Manager::readBank                        : fileversion = 135, compatVersion = 132 (oldest = 44, newest = 135)
[LOG] Manager::readBank                        : fileversion = 135, compatVersion = 132 (oldest = 44, newest = 135)
[LOG] PlaybackSystem::acquireMasterBus         : Setting master channel group format to 6
[LOG] Manager::readBank                        : fileversion = 135, compatVersion = 132 (oldest = 44, newest = 135)
[LOG] Manager::readBank                        : fileversion = 135, compatVersion = 132 (oldest = 44, newest = 135)
[LOG] Manager::readBank                        : fileversion = 135, compatVersion = 132 (oldest = 44, newest = 135)
[LOG] SystemI::createSoundInternal             : Create name='', mode=0x02000202
[LOG] SystemI::createSoundInternal             : exinfo->cbsize             = 224
[LOG] SystemI::createSoundInternal             : exinfo->length             = 2521792
[LOG] SystemI::createSoundInternal             : exinfo->fileoffset         = 16352
[LOG] SystemI::createSoundInternal             : exinfo->numsubsounds       = 1
[LOG] SystemI::createSoundInternal             : exinfo->inclusionlist      = 000000FD42C0F158
[LOG] SystemI::createSoundInternal             : exinfo->inclusionlistnum   = 1
[LOG] SystemI::createSoundInternal             : exinfo->suggestedsoundtype = 5
[LOG] SystemI::createSoundInternal             : exinfo->useropen           = 00007FFD597D7B10
[LOG] SystemI::createSoundInternal             : exinfo->userclose          = 00007FFD597D7AE0
[LOG] SystemI::createSoundInternal             : exinfo->userread           = 00007FFD597D7BE0
[LOG] SystemI::createSoundInternal             : exinfo->userseek           = 00007FFD597D7CA0
[LOG] SystemI::createSoundInternal             : exinfo->fileuserdata       = 0000029D2E6491B8
[LOG] SystemI::createSoundInternal             : exinfo->initialseekpostype = 1
[LOG] SystemI::DSPCodecPoolRegister            : register codec pool for pool type 5
[LOG] SystemI::createSoundInternal             : Sample 0/1: name='Team 5 Tower Build Sound ', format=5, channels=2, frequency=48000, lengthbytes=13600, lengthpcm=48000, pcmblocksize=0, loopstart=0, loopend=0, mode=0x00000000, channelmask=0x00000000, channelorder=0, peakvolume=0.990540.
[LOG] SystemI::createSoundInternal             : Create name='', mode=0x02000202
[LOG] SystemI::createSoundInternal             : exinfo->cbsize             = 224
[LOG] SystemI::createSoundInternal             : exinfo->length             = 85184
[LOG] SystemI::createSoundInternal             : exinfo->fileoffset         = 27616
[LOG] SystemI::createSoundInternal             : exinfo->numsubsounds       = 1
[LOG] SystemI::createSoundInternal             : exinfo->inclusionlist      = 000000FD42C0F158
[LOG] SystemI::createSoundInternal             : exinfo->inclusionlistnum   = 1
[LOG] SystemI::createSoundInternal             : exinfo->suggestedsoundtype = 5
[LOG] SystemI::createSoundInternal             : exinfo->useropen           = 00007FFD597D7B10
[LOG] SystemI::createSoundInternal             : exinfo->userclose          = 00007FFD597D7AE0
[LOG] SystemI::createSoundInternal             : exinfo->userread           = 00007FFD597D7BE0
[LOG] SystemI::createSoundInternal             : exinfo->userseek           = 00007FFD597D7CA0
[LOG] SystemI::createSoundInternal             : exinfo->fileuserdata       = 0000029D2E64BAF8
[LOG] SystemI::createSoundInternal             : exinfo->initialseekpostype = 1
[LOG] SystemI::DSPCodecPoolRegister            : register codec pool for pool type 5
[LOG] SystemI::createSoundInternal             : Sample 0/1: name='Slushie Movement 2', format=5, channels=2, frequency=48000, lengthbytes=4768, lengthpcm=21315, pcmblocksize=0, loopstart=0, loopend=0, mode=0x00000000, channelmask=0x00000000, channelorder=0, peakvolume=0.522308.
[LOG] SystemI::createSoundInternal             : Create name='', mode=0x02000202
[LOG] SystemI::createSoundInternal             : exinfo->cbsize             = 224
[LOG] SystemI::createSoundInternal             : exinfo->length             = 85184
[LOG] SystemI::createSoundInternal             : exinfo->fileoffset         = 27616
[LOG] SystemI::createSoundInternal             : exinfo->numsubsounds       = 1
[LOG] SystemI::createSoundInternal             : exinfo->inclusionlist      = 000000FD42C0F158
[LOG] SystemI::createSoundInternal             : exinfo->inclusionlistnum   = 1
[LOG] SystemI::createSoundInternal             : exinfo->suggestedsoundtype = 5
[LOG] SystemI::createSoundInternal             : exinfo->useropen           = 00007FFD597D7B10
[LOG] SystemI::createSoundInternal             : exinfo->userclose          = 00007FFD597D7AE0
[LOG] SystemI::createSoundInternal             : exinfo->userread           = 00007FFD597D7BE0
[LOG] SystemI::createSoundInternal             : exinfo->userseek           = 00007FFD597D7CA0
[LOG] SystemI::createSoundInternal             : exinfo->fileuserdata       = 0000029D2E64BAF8
[LOG] SystemI::createSoundInternal             : exinfo->initialseekpostype = 1
[LOG] SystemI::DSPCodecPoolRegister            : register codec pool for pool type 5
[LOG] SystemI::createSoundInternal             : Sample 0/1: name='Bob Movement Sound 4', format=5, channels=2, frequency=48000, lengthbytes=2016, lengthpcm=7523, pcmblocksize=0, loopstart=0, loopend=0, mode=0x00000000, channelmask=0x00000000, channelorder=0, peakvolume=0.793213.
[LOG] SystemI::createSoundInternal             : Create name='', mode=0x02000202
[LOG] SystemI::createSoundInternal             : exinfo->cbsize             = 224
[LOG] SystemI::createSoundInternal             : exinfo->length             = 85184
[LOG] SystemI::createSoundInternal             : exinfo->fileoffset         = 27616
[LOG] SystemI::createSoundInternal             : exinfo->numsubsounds       = 1
[LOG] SystemI::createSoundInternal             : exinfo->inclusionlist      = 000000FD42C0F158
[LOG] SystemI::createSoundInternal             : exinfo->inclusionlistnum   = 1
[LOG] SystemI::createSoundInternal             : exinfo->suggestedsoundtype = 5
[LOG] SystemI::createSoundInternal             : exinfo->useropen           = 00007FFD597D7B10
[LOG] SystemI::createSoundInternal             : exinfo->userclose          = 00007FFD597D7AE0
[LOG] SystemI::createSoundInternal             : exinfo->userread           = 00007FFD597D7BE0
[LOG] SystemI::createSoundInternal             : exinfo->userseek           = 00007FFD597D7CA0
[LOG] SystemI::createSoundInternal             : exinfo->fileuserdata       = 0000029D2E64BAF8
[LOG] SystemI::createSoundInternal             : exinfo->initialseekpostype = 1
[LOG] SystemI::DSPCodecPoolRegister            : register codec pool for pool type 5
[LOG] SystemI::createSoundInternal             : Sample 0/1: name='Peanut Movement Sound 2', format=5, channels=2, frequency=48000, lengthbytes=2176, lengthpcm=7523, pcmblocksize=0, loopstart=0, loopend=0, mode=0x00000000, channelmask=0x00000000, channelorder=0, peakvolume=0.463867.
[LOG] SystemI::createSoundInternal             : Create name='', mode=0x02000202
[LOG] SystemI::createSoundInternal             : exinfo->cbsize             = 224
[LOG] SystemI::createSoundInternal             : exinfo->length             = 85184
[LOG] SystemI::createSoundInternal             : exinfo->fileoffset         = 27616
[LOG] SystemI::createSoundInternal             : exinfo->numsubsounds       = 1
[LOG] SystemI::createSoundInternal             : exinfo->inclusionlist      = 000000FD42C0F158
[LOG] SystemI::createSoundInternal             : exinfo->inclusionlistnum   = 1
[LOG] SystemI::createSoundInternal             : exinfo->suggestedsoundtype = 5
[LOG] SystemI::createSoundInternal             : exinfo->useropen           = 00007FFD597D7B10
[LOG] SystemI::createSoundInternal             : exinfo->userclose          = 00007FFD597D7AE0
[LOG] SystemI::createSoundInternal             : exinfo->userread           = 00007FFD597D7BE0
[LOG] SystemI::createSoundInternal             : exinfo->userseek           = 00007FFD597D7CA0
[LOG] SystemI::createSoundInternal             : exinfo->fileuserdata       = 0000029D2E64CF98
[LOG] SystemI::createSoundInternal             : exinfo->initialseekpostype = 1
[LOG] SystemI::DSPCodecPoolRegister            : register codec pool for pool type 5
[LOG] SystemI::createSoundInternal             : Sample 0/1: name='Peanut Death Sound', format=5, channels=2, frequency=48000, lengthbytes=8832, lengthpcm=25077, pcmblocksize=0, loopstart=0, loopend=0, mode=0x00000000, channelmask=0x00000000, channelorder=0, peakvolume=0.827881.
[LOG] SystemI::createSoundInternal             : Create name='', mode=0x02000202
[LOG] SystemI::createSoundInternal             : exinfo->cbsize             = 224
[LOG] SystemI::createSoundInternal             : exinfo->length             = 85184
[LOG] SystemI::createSoundInternal             : exinfo->fileoffset         = 27616
[LOG] SystemI::createSoundInternal             : exinfo->numsubsounds       = 1
[LOG] SystemI::createSoundInternal             : exinfo->inclusionlist      = 000000FD42C0F158
[LOG] SystemI::createSoundInternal             : exinfo->inclusionlistnum   = 1
[LOG] SystemI::createSoundInternal             : exinfo->suggestedsoundtype = 5
[LOG] SystemI::createSoundInternal             : exinfo->useropen           = 00007FFD597D7B10
[LOG] SystemI::createSoundInternal             : exinfo->userclose          = 00007FFD597D7AE0
[LOG] SystemI::createSoundInternal             : exinfo->userread           = 00007FFD597D7BE0
[LOG] SystemI::createSoundInternal             : exinfo->userseek           = 00007FFD597D7CA0
[LOG] SystemI::createSoundInternal             : exinfo->fileuserdata       = 0000029D2E64A028
[LOG] SystemI::createSoundInternal             : exinfo->initialseekpostype = 1
[LOG] SystemI::DSPCodecPoolRegister            : register codec pool for pool type 5
[LOG] SystemI::createSoundInternal             : Sample 0/1: name='Bob Death Sound ', format=5, channels=2, frequency=48000, lengthbytes=10944, lengthpcm=43885, pcmblocksize=0, loopstart=0, loopend=0, mode=0x00000000, channelmask=0x00000000, channelorder=0, peakvolume=0.954407.
[LOG] SystemI::createSoundInternal             : Create name='', mode=0x02000202
[LOG] SystemI::createSoundInternal             : exinfo->cbsize             = 224
[LOG] SystemI::createSoundInternal             : exinfo->length             = 85184
[LOG] SystemI::createSoundInternal             : exinfo->fileoffset         = 27616
[LOG] SystemI::createSoundInternal             : exinfo->numsubsounds       = 1
[LOG] SystemI::createSoundInternal             : exinfo->inclusionlist      = 000000FD42C0F158
[LOG] SystemI::createSoundInternal             : exinfo->inclusionlistnum   = 1
[LOG] SystemI::createSoundInternal             : exinfo->suggestedsoundtype = 5
[LOG] SystemI::createSoundInternal             : exinfo->useropen           = 00007FFD597D7B10
[LOG] SystemI::createSoundInternal             : exinfo->userclose          = 00007FFD597D7AE0
[LOG] SystemI::createSoundInternal             : exinfo->userread           = 00007FFD597D7BE0
[LOG] SystemI::createSoundInternal             : exinfo->userseek           = 00007FFD597D7CA0
[LOG] SystemI::createSoundInternal             : exinfo->fileuserdata       = 0000029D2E64B2B8
[LOG] SystemI::createSoundInternal             : exinfo->initialseekpostype = 1
[LOG] SystemI::DSPCodecPoolRegister            : register codec pool for pool type 5
[LOG] SystemI::createSoundInternal             : Sample 0/1: name='Slushie Death Sound ', format=5, channels=2, frequency=48000, lengthbytes=8096, lengthpcm=32600, pcmblocksize=0, loopstart=0, loopend=0, mode=0x00000000, channelmask=0x00000000, channelorder=0, peakvolume=0.762909.
[LOG] SystemI::createSoundInternal             : Create name='', mode=0x02000202
[LOG] SystemI::createSoundInternal             : exinfo->cbsize             = 224
[LOG] SystemI::createSoundInternal             : exinfo->length             = 128160
[LOG] SystemI::createSoundInternal             : exinfo->fileoffset         = 10720
[LOG] SystemI::createSoundInternal             : exinfo->numsubsounds       = 1
[LOG] SystemI::createSoundInternal             : exinfo->inclusionlist      = 000000FD42C0F158
[LOG] SystemI::createSoundInternal             : exinfo->inclusionlistnum   = 1
[LOG] SystemI::createSoundInternal             : exinfo->suggestedsoundtype = 5
[LOG] SystemI::createSoundInternal             : exinfo->useropen           = 00007FFD597D7B10
[LOG] SystemI::createSoundInternal             : exinfo->userclose          = 00007FFD597D7AE0
[LOG] SystemI::createSoundInternal             : exinfo->userread           = 00007FFD597D7BE0
[LOG] SystemI::createSoundInternal             : exinfo->userseek           = 00007FFD597D7CA0
[LOG] SystemI::createSoundInternal             : exinfo->fileuserdata       = 0000029D2E648768
[LOG] SystemI::createSoundInternal             : exinfo->initialseekpostype = 1
[LOG] SystemI::DSPCodecPoolRegister            : register codec pool for pool type 5
[LOG] SystemI::createSoundInternal             : Sample 0/1: name='Cow Abduction Sound', format=5, channels=2, frequency=48000, lengthbytes=21472, lengthpcm=104071, pcmblocksize=0, loopstart=0, loopend=0, mode=0x00000000, channelmask=0x00000000, channelorder=0, peakvolume=0.999969.
[LOG] SoundI::release                          :  (0000029CCC21EBF8)
[LOG] SoundI::release                          :     Cow Abduction Sound (0000029CCC1EF008)
[LOG] SoundI::release                          :  (0000029D336ACC88)
[LOG] SoundI::release                          :     Slushie Death Sound  (0000029CCC1EF688)
[LOG] SoundI::release                          :  (0000029D2F0A8998)
[LOG] SoundI::release                          :     Peanut Movement Sound 2 (0000029D2F7F5E18)
[LOG] SoundI::release                          :  (0000029CCC21DF08)
[LOG] SoundI::release                          :     Peanut Death Sound (0000029CCC1EF348)
[LOG] SoundI::release                          :  (0000029D2F0A86B8)
[LOG] SoundI::release                          :     Bob Movement Sound 4 (0000029D2F7F5C78)
[LOG] SoundI::release                          :  (0000029D2F0A8548)
[LOG] SoundI::release                          :     Slushie Movement 2 (0000029D2F7F5AD8)
[LOG] SoundI::release                          :  (0000029D336A8A68)
[LOG] SoundI::release                          :     Bob Death Sound  (0000029CCC1F0868)
[LOG] SoundI::release                          :  (0000029D336ACB18)
[LOG] SoundI::release                          :     Team 5 Tower Build Sound  (0000029D2F06E4E8)
[LOG] Thread::callback                         : FMOD Studio update thread finished.
[LOG] Thread::callback                         : FMOD Studio bank load thread finished.
[LOG] Profile::disconnectAll                   : Profiler disconnecting all clients
[LOG] Thread::callback                         : FMOD Studio sample load thread finished.
[LOG] LiveUpdate::release                      : 
[LOG] LiveUpdate::reset                        : Reset connection (reason Disconnected)
[LOG] Thread::callback                         : FMOD stream thread finished.
[LOG] Thread::callback                         : FMOD mixer thread finished.
[LOG] Profile::disconnectAll                   : Profiler disconnecting all clients
[LOG] SystemI::close                           : Closed.
[LOG] Thread::callback                         : FMOD Studio bank load thread finished.
[LOG] Thread::callback                         : FMOD Studio sample load thread finished.
[LOG] LiveUpdate::release                      : 
[LOG] LiveUpdate::reset                        : Reset connection (reason Disconnected)
[LOG] Thread::callback                         : FMOD stream thread finished.
[LOG] Thread::callback                         : FMOD mixer thread finished.
[LOG] SystemI::close                           : Closed.
